<?xml version="1.0" encoding="UTF-8"?>
<!-- Generated by org.testng.reporters.JUnitXMLReporter -->
<testsuite ignored="0" hostname="LAPTOP-BKF1645O" failures="1" tests="1" name="Orange HRM edge Test" time="28.211" errors="0" timestamp="2026-05-30T16:41:01 IST">
  <testcase classname="com.testcases.LoginTC01" name="login" time="3.502">
    <failure type="java.lang.NullPointerException" message="Cannot invoke &amp;quot;com.pageobjects.HomePage.dashboardDisplayed()&amp;quot; because &amp;quot;hm&amp;quot; is null">
      <![CDATA[java.lang.NullPointerException: Cannot invoke "com.pageobjects.HomePage.dashboardDisplayed()" because "hm" is null
at com.testcases.LoginTC01.login(LoginTC01.java:20)
at java.base/java.util.ArrayList.forEach(ArrayList.java:1597)
at java.base/java.util.concurrent.FutureTask.run(FutureTask.java:317)
at java.base/java.util.concurrent.ThreadPoolExecutor.runWorker(ThreadPoolExecutor.java:1144)
at java.base/java.util.concurrent.ThreadPoolExecutor$Worker.run(ThreadPoolExecutor.java:642)
at java.base/java.lang.Thread.run(Thread.java:1570)
... Removed 15 stack frames]]>
    </failure>
  </testcase> <!-- login -->
</testsuite> <!-- Orange HRM edge Test -->
