<?xml version="1.0" encoding="UTF-8"?>
<!-- Generated by org.testng.reporters.JUnitXMLReporter -->
<testsuite ignored="0" hostname="LAPTOP-BKF1645O" failures="1" tests="2" name="Test" time="11.216" errors="0" timestamp="2026-06-07T17:28:06 IST">
  <testcase classname="com.testcases.LoginTest" name="verifyLoginPageTitleTC" time="0.054">
    <failure type="java.lang.AssertionError" message="expected [OrangeHRM11] but found [OrangeHRM]">
      <![CDATA[java.lang.AssertionError: expected [OrangeHRM11] but found [OrangeHRM]
at com.testcases.LoginTest.verifyLoginPageTitleTC(LoginTest.java:20)
at java.base/java.util.ArrayList.forEach(ArrayList.java:1597)
... Removed 31 stack frames]]>
    </failure>
  </testcase> <!-- verifyLoginPageTitleTC -->
  <testcase classname="com.testcases.LoginTest" name="verifylogoTC" time="2.062"/>
</testsuite> <!-- Test -->
