<?xml version="1.0" encoding="UTF-8"?>
<!-- Generated by org.testng.reporters.JUnitXMLReporter -->
<testsuite ignored="0" hostname="LAPTOP-BKF1645O" failures="1" tests="3" name="Test" time="8.152" errors="0" timestamp="2026-06-05T10:16:10 IST">
  <testcase classname="com.testcases.OrangeHRMLoginTestCases" name="verifyOrangeHRMLogoTest" time="0.091"/>
  <testcase classname="com.testcases.OrangeHRMLoginTestCases" name="verifyOrangeAppUrlTest" time="0.046">
    <failure type="java.lang.AssertionError" message="expected [https://opensource-demo.orangehrmlive.com] but found [https://opensource-demo.orangehrmlive.com/web/index.php/auth/login]">
      <![CDATA[java.lang.AssertionError: expected [https://opensource-demo.orangehrmlive.com] but found [https://opensource-demo.orangehrmlive.com/web/index.php/auth/login]
at com.testcases.OrangeHRMLoginTestCases.verifyOrangeAppUrlTest(OrangeHRMLoginTestCases.java:44)
at java.base/java.util.ArrayList.forEach(ArrayList.java:1597)
... Removed 31 stack frames]]>
    </failure>
  </testcase> <!-- verifyOrangeAppUrlTest -->
  <testcase classname="com.testcases.OrangeHRMLoginTestCases" name="verifyOrangeHRMTitleTest" time="0.0">
    <skipped/>
  </testcase> <!-- verifyOrangeHRMTitleTest -->
</testsuite> <!-- Test -->
