<?xml version="1.0" encoding="UTF-8"?>
<!-- Generated by org.testng.reporters.JUnitReportReporter -->
<testsuite hostname="LAPTOP-BKF1645O" failures="0" tests="3" name="com.testcases.LoginTC02" time="119.733" errors="0" timestamp="2026-05-30T16:30:12 IST" skipped="0">
  <testcase classname="com.testcases.LoginTC02" name="verifyLogin" time="95.366"/>
  <testcase classname="com.testcases.LoginTC02" name="verifyLogin" time="9.602"/>
  <testcase classname="com.testcases.LoginTC02" name="verifyLogin" time="14.765"/>
</testsuite> <!-- com.testcases.LoginTC02 -->
